Traceback (most recent call last):
  File "/opt/hostedtoolcache/Python/3.8.12/x64/lib/python3.8/site-packages/jupyter_cache/executors/utils.py", line 58, in single_nb_execution
    executenb(
  File "/opt/hostedtoolcache/Python/3.8.12/x64/lib/python3.8/site-packages/nbclient/client.py", line 1204, in execute
    return NotebookClient(nb=nb, resources=resources, km=km, **kwargs).execute()
  File "/opt/hostedtoolcache/Python/3.8.12/x64/lib/python3.8/site-packages/nbclient/util.py", line 84, in wrapped
    return just_run(coro(*args, **kwargs))
  File "/opt/hostedtoolcache/Python/3.8.12/x64/lib/python3.8/site-packages/nbclient/util.py", line 62, in just_run
    return loop.run_until_complete(coro)
  File "/opt/hostedtoolcache/Python/3.8.12/x64/lib/python3.8/asyncio/base_events.py", line 616, in run_until_complete
    return future.result()
  File "/opt/hostedtoolcache/Python/3.8.12/x64/lib/python3.8/site-packages/nbclient/client.py", line 663, in async_execute
    await self.async_execute_cell(
  File "/opt/hostedtoolcache/Python/3.8.12/x64/lib/python3.8/site-packages/nbclient/client.py", line 965, in async_execute_cell
    await self._check_raise_for_error(cell, cell_index, exec_reply)
  File "/opt/hostedtoolcache/Python/3.8.12/x64/lib/python3.8/site-packages/nbclient/client.py", line 862, in _check_raise_for_error
    raise CellExecutionError.from_cell_and_msg(cell, exec_reply_content)
nbclient.exceptions.CellExecutionError: An error occurred while executing the following cell:
------------------
m1 = get_molecule('aspirin')
m2 = get_molecule('benzene')
fp1 =  AllChem.GetMorganFingerprint(m1, 2)
fp2 =  AllChem.GetMorganFingerprint(m2, 2)
dist = TanimotoSimilarity(fp1, fp2)
print('similarity', dist)
------------------

[0;31m---------------------------------------------------------------------------[0m
[0;31mArgumentError[0m                             Traceback (most recent call last)
Input [0;32mIn [13][0m, in [0;36m<cell line: 3>[0;34m()[0m
[1;32m      1[0m m1 [38;5;241m=[39m get_molecule([38;5;124m'[39m[38;5;124maspirin[39m[38;5;124m'[39m)
[1;32m      2[0m m2 [38;5;241m=[39m get_molecule([38;5;124m'[39m[38;5;124mbenzene[39m[38;5;124m'[39m)
[0;32m----> 3[0m fp1 [38;5;241m=[39m  [43mAllChem[49m[38;5;241;43m.[39;49m[43mGetMorganFingerprint[49m[43m([49m[43mm1[49m[43m,[49m[43m [49m[38;5;241;43m2[39;49m[43m)[49m
[1;32m      4[0m fp2 [38;5;241m=[39m  AllChem[38;5;241m.[39mGetMorganFingerprint(m2, [38;5;241m2[39m)
[1;32m      5[0m dist [38;5;241m=[39m TanimotoSimilarity(fp1, fp2)

[0;31mArgumentError[0m: Python argument types in
    rdkit.Chem.rdMolDescriptors.GetMorganFingerprint(NoneType, int)
did not match C++ signature:
    GetMorganFingerprint(RDKit::ROMol mol, unsigned int radius, boost::python::api::object invariants=[], boost::python::api::object fromAtoms=[], bool useChirality=False, bool useBondTypes=True, bool useFeatures=False, bool useCounts=True, boost::python::api::object bitInfo=None, bool includeRedundantEnvironments=False)
ArgumentError: Python argument types in
    rdkit.Chem.rdMolDescriptors.GetMorganFingerprint(NoneType, int)
did not match C++ signature:
    GetMorganFingerprint(RDKit::ROMol mol, unsigned int radius, boost::python::api::object invariants=[], boost::python::api::object fromAtoms=[], bool useChirality=False, bool useBondTypes=True, bool useFeatures=False, bool useCounts=True, boost::python::api::object bitInfo=None, bool includeRedundantEnvironments=False)

